"../../../Engine/Content/EngineMaterials/T_Default_Material_Grid_N.uasset" 0
"../../../Engine/Content/EngineMaterials/T_Default_Material_Grid_M.uasset" 1
"../../../Engine/Content/Functions/Engine_MaterialFunctions01/Opacity/CameraDepthFade.uasset" 2
"../../../Engine/Content/EngineMaterials/WorldGridMaterial.uasset" 3
"../../../Engine/Content/ArtTools/RenderToTexture/Meshes/S_1_Unit_Plane.uasset" 4
"../../../Engine/Content/EngineMaterials/DefaultMaterial.uasset" 5
"../../../Engine/Content/BasicShapes/Cone.uasset" 6
"../../../Engine/Content/BasicShapes/Plane.uasset" 7
"../../../Engine/Content/EditorLandscapeResources/DataLayer.uasset" 8
"../../../Engine/Content/EditorLandscapeResources/DefaultAlphaTexture.uasset" 9
"../../../Engine/Content/EditorMaterials/MAT_Groups_Toggle.uasset" 10
"../../../Engine/Content/EditorMaterials/MAT_Groups_Visibility.uasset" 11
"../../../Engine/Content/EditorMaterials/PreviewShadowIndicator.uasset" 12
"../../../Engine/Content/EditorMaterials/PreviewShadowIndicatorMaterial.uasset" 13
"../../../Engine/Content/EditorMaterials/MatineeGroups/MAT_ColorTrack.uasset" 14
"../../../Engine/Content/EditorMaterials/MatineeGroups/MAT_Groups_Anim.uasset" 15
"../../../Engine/Content/EditorMaterials/MatineeGroups/MAT_Groups_AudioMaster.uasset" 16
"../../../Engine/Content/EditorMaterials/MatineeGroups/MAT_Groups_Director.uasset" 17
"../../../Engine/Content/EditorMaterials/MatineeGroups/MAT_Groups_Event.uasset" 18
"../../../Engine/Content/EditorMaterials/MatineeGroups/MAT_Groups_Fade.uasset" 19
"../../../Engine/Content/EditorMaterials/MatineeGroups/MAT_Groups_Float.uasset" 20
"../../../Engine/Content/EditorMaterials/MatineeGroups/MAT_Groups_Move.uasset" 21
"../../../Engine/Content/EditorMaterials/MatineeGroups/MAT_Groups_Slomo.uasset" 22
"../../../Engine/Content/EditorMaterials/MatineeGroups/MAT_Groups_Sound.uasset" 23
"../../../Engine/Content/EditorMaterials/MatineeGroups/MAT_Groups_Vector.uasset" 24
"../../../Engine/Content/EditorMaterials/ParticleSystems/PSysThumbnail_NoImage.uasset" 25
"../../../Engine/Content/EditorMaterials/ParticleSystems/PSysThumbnail_OOD.uasset" 26
"../../../Engine/Content/EditorMaterials/Camera/CineMat.uasset" 27
"../../../Engine/Content/EditorMaterials/Camera/MI_CineMat_Rig.uasset" 28
"../../../Engine/Content/EditorMeshes/Camera/SM_CraneRig_Arm.uasset" 29
"../../../Engine/Content/EditorMeshes/Camera/SM_CraneRig_Base.uasset" 30
"../../../Engine/Content/EditorMeshes/Camera/SM_CraneRig_Body.uasset" 31
"../../../Engine/Content/EditorMeshes/Camera/SM_CraneRig_Mount.uasset" 32
"../../../Engine/Content/EditorMeshes/Camera/SM_RailRig_Mount.uasset" 33
"../../../Engine/Content/EditorMeshes/Camera/SM_RailRig_Track.uasset" 34
"../../../Engine/Content/EditorResources/BSPVertex.uasset" 35
"../../../Engine/Content/EditorResources/EmptyActor.uasset" 36
"../../../Engine/Content/EditorResources/S_Actor.uasset" 37
"../../../Engine/Content/EditorResources/S_Note.uasset" 38
"../../../Engine/Content/EditorResources/S_Solver.uasset" 39
"../../../Engine/Content/EditorResources/S_Terrain.uasset" 40
"../../../Engine/Content/EditorResources/S_Trigger.uasset" 41
"../../../Engine/Content/EditorResources/LightIcons/S_LightError.uasset" 42
"../../../Engine/Content/EditorResources/SequenceRecorder/Countdown.uasset" 43
"../../../Engine/Content/EditorResources/SequenceRecorder/RecordingIndicator.uasset" 44
"../../../Engine/Content/EngineDamageTypes/DmgTypeBP_Environmental.uasset" 45
"../../../Engine/Content/EngineDebugMaterials/DebugEditorMaterial.uasset" 46
"../../../Engine/Content/EngineDebugMaterials/DebugMeshMaterial.uasset" 47
"../../../Engine/Content/EngineDebugMaterials/M_SimpleUnlitTranslucent.uasset" 48
"../../../Engine/Content/EngineDebugMaterials/VolumeToRender.uasset" 49
"../../../Engine/Content/Functions/Engine_MaterialFunctions02/Utility/CameraDirectionVector.uasset" 50
"../../../Engine/Content/EngineDebugMaterials/M_VolumeRenderSphereTracePP.uasset" 51
"../../../Engine/Content/Functions/Engine_MaterialFunctions01/Shading/ConvertFromDiffSpec.uasset" 52
"../../../Engine/Content/EngineDebugMaterials/VertexColorMaterial.uasset" 53
"../../../Engine/Content/EngineDebugMaterials/WireframeMaterial.uasset" 54
"../../../Engine/Content/EngineFonts/Faces/RobotoRegular.uasset" 55
"../../../Engine/Content/EngineFonts/Faces/RobotoLight.uasset" 56
"../../../Engine/Content/EngineFonts/Faces/RobotoItalic.uasset" 57
"../../../Engine/Content/EngineFonts/Faces/RobotoBoldItalic.uasset" 58
"../../../Engine/Content/EngineFonts/Faces/RobotoBold.uasset" 59
"../../../Engine/Content/EngineFonts/Faces/DroidSansFallback.uasset" 60
"../../../Engine/Content/EngineFonts/Roboto.uasset" 61
"../../../Engine/Content/EngineMaterials/BaseFlattenNormalMap.uasset" 62
"../../../Engine/Content/EngineMaterials/BaseFlattenGrayscaleMap.uasset" 63
"../../../Engine/Content/EngineMaterials/BaseFlattenEmissiveMap.uasset" 64
"../../../Engine/Content/EngineMaterials/BaseFlattenDiffuseMap.uasset" 65
"../../../Engine/Content/EngineMaterials/BaseFlattenMaterial.uasset" 66
"../../../Engine/Content/EngineMaterials/BlueNoise.uasset" 67
"../../../Engine/Content/EngineMaterials/DefaultBloomKernel.uasset" 68
"../../../Engine/Content/EngineMaterials/DefaultBokeh.uasset" 69
"../../../Engine/Content/EngineMaterials/DefaultDiffuse.uasset" 70
"../../../Engine/Content/EngineMaterials/DefaultDeferredDecalMaterial.uasset" 71
"../../../Engine/Content/EngineMaterials/DefaultLightFunctionMaterial.uasset" 72
"../../../Engine/Content/Functions/Engine_MaterialFunctions02/Utility/BreakOutFloat2Components.uasset" 73
"../../../Engine/Content/EngineMaterials/DefaultPostProcessMaterial.uasset" 74
"../../../Engine/Content/EngineFonts/RobotoDistanceField.uasset" 75
"../../../Engine/Content/EngineMaterials/DefaultTextMaterialOpaque.uasset" 76
"../../../Engine/Content/EngineMaterials/DefaultWhiteGrid.uasset" 77
"../../../Engine/Content/EngineMaterials/DefaultWhiteGrid_Low.uasset" 78
"../../../Engine/Content/EngineMaterials/EmissiveMeshMaterial.uasset" 79
"../../../Engine/Content/EngineMaterials/GizmoMaterial.uasset" 80
"../../../Engine/Content/EngineMaterials/Good64x64TilingNoiseHighFreq.uasset" 81
"../../../Engine/Content/EngineMaterials/MiniFont.uasset" 82
"../../../Engine/Content/EngineMaterials/InvalidLightmapSettings.uasset" 83
"../../../Engine/Content/EngineMaterials/M_InvalidLightmapSettings.uasset" 84
"../../../Engine/Content/Functions/Engine_MaterialFunctions02/WorldPositionOffset/CameraOffset.uasset" 85
"../../../Engine/Content/EngineMaterials/PhAT_JointLimitMaterial.uasset" 86
"../../../Engine/Content/EngineMaterials/PreintegratedSkinBRDF.uasset" 87
"../../../Engine/Content/EngineMaterials/RemoveSurfaceMaterial.uasset" 88
"../../../Engine/Content/EngineMaterials/WeightMapPlaceholderTexture.uasset" 89
"../../../Engine/Content/EngineResources/WhiteSquareTexture.uasset" 90
"../../../Engine/Content/EngineMaterials/Widget3DPassThrough.uasset" 91
"../../../Engine/Content/EngineMaterials/Widget3DPassThrough_Masked.uasset" 92
"../../../Engine/Content/EngineMaterials/Widget3DPassThrough_Opaque.uasset" 93
"../../../Engine/Content/EngineMaterials/Widget3DPassThrough_Masked_OneSided.uasset" 94
"../../../Engine/Content/EngineMaterials/Widget3DPassThrough_Opaque_OneSided.uasset" 95
"../../../Engine/Content/EngineMaterials/Widget3DPassThrough_Translucent.uasset" 96
"../../../Engine/Content/EngineMaterials/Widget3DPassThrough_Translucent_OneSided.uasset" 97
"../../../Engine/Content/EngineMeshes/Cylinder.uasset" 98
"../../../Engine/Content/EngineMeshes/Sphere.uasset" 99
"../../../Engine/Content/EngineResources/DefaultTextureCube.uasset" 100
"../../../Engine/Content/EngineResources/DefaultVolumeTexture2D.uasset" 101
"../../../Engine/Content/EngineResources/DefaultVolumeTexture.uasset" 102
"../../../Engine/Content/EngineResources/GradientTexture0.uasset" 103
"../../../Engine/Content/EngineSky/VolumetricClouds/T_NoiseShape64.uasset" 104
"../../../Engine/Content/EngineSky/VolumetricClouds/T_VolumeNoiseShape64.uasset" 105
"../../../Engine/Content/EngineSky/VolumetricClouds/T_NoiseErosion.uasset" 106
"../../../Engine/Content/EngineSky/VolumetricClouds/T_VolumeNoiseErosion32.uasset" 107
"../../../Engine/Content/EngineSky/VolumetricClouds/CloudWeatherTexture.uasset" 108
"../../../Engine/Content/EngineSky/VolumetricClouds/CloudGradientTexture.uasset" 109
"../../../Engine/Content/Functions/Engine_MaterialFunctions02/Utility/MakeFloat2.uasset" 110
"../../../Engine/Content/EngineSky/VolumetricClouds/m_SimpleVolumetricCloud.uasset" 111
"../../../Engine/Content/EngineSky/VolumetricClouds/m_SimpleVolumetricCloud_Inst.uasset" 112
"../../../Engine/Content/Functions/Engine_MaterialFunctions01/Shading/PowerToRoughness.uasset" 113
"../../../Engine/Content/Maps/Templates/Thumbnails/Default.uasset" 114
"../../../Engine/Content/Maps/Templates/Thumbnails/TimeOfDay.uasset" 115
"../../../Engine/Content/Maps/Templates/Thumbnails/VR-Basic.uasset" 116
"../../../Engine/Content/MobileResources/T_MobileControls_texture.uasset" 117
"../../../Engine/Content/MobileResources/T_MobileMenu2.uasset" 118
"../../../Engine/Content/MobileResources/HUD/AnalogHat.uasset" 119
"../../../Engine/Content/MobileResources/HUD/VirtualJoystick_Thumb.uasset" 120
"../../../Engine/Content/MobileResources/HUD/VirtualJoystick_Background.uasset" 121
"../../../Engine/Content/MobileResources/HUD/DefaultVirtualJoysticks.uasset" 122
"../../../Engine/Content/MobileResources/HUD/LeftVirtualJoystickOnly.uasset" 123
"../../../Engine/Content/MobileResources/HUD/MobileHUDButton1_off.uasset" 124
"../../../Engine/Content/MobileResources/HUD/MobileHUDButton1_on.uasset" 125
"../../../Engine/Content/MobileResources/HUD/MobileHUDButton2_off.uasset" 126
"../../../Engine/Content/MobileResources/HUD/MobileHUDButton2_on.uasset" 127
"../../../Engine/Content/MobileResources/HUD/MobileHUDButton3.uasset" 128
"../../../Engine/Content/MobileResources/HUD/MobileHUDButtonFire.uasset" 129
"../../../Engine/Content/MobileResources/HUD/MobileHUDDirectionPad.uasset" 130
"../../../Engine/Content/MobileResources/HUD/MobileHUDDirectionPad2.uasset" 131
"../../../Engine/Content/MobileResources/HUD/MobileHUDDirectionPad3.uasset" 132
"../../../Engine/Content/MobileResources/HUD/MobileHUDDirectionStick.uasset" 133
"../../../Engine/Content/MobileResources/HUD/T_Castle_ThumbstickInner.uasset" 134
"../../../Engine/Content/MobileResources/HUD/T_Castle_ThumbstickOutter.uasset" 135
"../../../Engine/Content/Tutorial/ContentIntroCurve.uasset" 136
"../../../Engine/Content/Tutorial/Basics/LevelEditorAttract.uasset" 137
"../../../Engine/Content/VREditor/TransformGizmo/TranslucentTransformGizmoMaterial.uasset" 138
"../../../Engine/Content/VREditor/LaserPointer/VR_LaserPower_01.uasset" 139
"../../../Engine/Content/VREditor/TransformGizmo/TransformGizmoMaterial.uasset" 140
"../../../Engine/Content/VREditor/TransformGizmo/BoundingBoxCorner.uasset" 141
"../../../Engine/Content/VREditor/TransformGizmo/BoundingBoxEdge.uasset" 142
"../../../Engine/Content/VREditor/TransformGizmo/PlaneTranslationHandle.uasset" 143
"../../../Engine/Content/VREditor/TransformGizmo/Xray.uasset" 144
"../../../Engine/Content/VREditor/TransformGizmo/Main.uasset" 145
"../../../Engine/Content/VREditor/TransformGizmo/SM_Sequencer_Key.uasset" 146
"../../../Engine/Content/VREditor/TransformGizmo/SM_Sequencer_Node.uasset" 147
"../../Plugins/2D/Paper2D/Content/PlaceholderTextures/DummySpriteTexture.uasset" 148
"../../Plugins/2D/Paper2D/Content/DummySprite.uasset" 149
"../../Plugins/2D/Paper2D/Content/DefaultPaperTerrainMaterial.uasset" 150
"../../Plugins/2D/Paper2D/Content/DefaultSpriteMaterial.uasset" 151
"../../Plugins/2D/Paper2D/Content/MaskedUnlitSpriteMaterial.uasset" 152
"../../Plugins/2D/Paper2D/Content/OpaqueUnlitSpriteMaterial.uasset" 153
"../../../Engine/Content/BasicShapes/Cylinder.uasset" 154
"../../../Engine/Content/ArtTools/RenderToTexture/Materials/Debug/M_Emissive_Color.uasset" 155
"../../Plugins/Lumin/MagicLeapPassableWorld/Content/MagicLeapARPinInfoActor.uasset" 156
"../../Plugins/Experimental/Water/Content/Curves/FloatCurve_WaterBodyIsland.uasset" 157
"../../Plugins/Experimental/Water/Content/Icons/WaterBodyOceanSprite.uasset" 158
"../../Plugins/Experimental/Water/Content/Icons/WaterSprite.uasset" 159
"../../Plugins/Experimental/Water/Content/Meshes/LakeMesh.uasset" 160
"../../Plugins/Experimental/Water/Content/Meshes/RiverMesh.uasset" 161
"../../Plugins/Experimental/Water/Content/Waves/GerstnerWaves_Lake.uasset" 162
"../../../Engine/Content/Functions/Engine_MaterialFunctions02/Utility/BreakOutFloat3Components.uasset" 163
"../../Plugins/Editor/SpeedTreeImporter/Content/SpeedTree9/UnpackInteger3.uasset" 164
"../../Plugins/Editor/SpeedTreeImporter/Content/SpeedTree9/UnpackDirection.uasset" 165
"../../Plugins/Editor/SpeedTreeImporter/Content/SpeedTree9/game_wind_noise.uasset" 166
"../../../Engine/Content/Functions/Engine_MaterialFunctions02/SafeNormalize.uasset" 167
"../../Plugins/Editor/SpeedTreeImporter/Content/SpeedTree9/SpeedTreeWindMotion.uasset" 168
"../../Plugins/Editor/SpeedTreeImporter/Content/SpeedTree9/SpeedTreeBranchMotion.uasset" 169
"../../../Engine/Content/Functions/Engine_MaterialFunctions02/ObjectLocalBounds.uasset" 170
"../../../Engine/Content/Functions/Engine_MaterialFunctions02/UVs/BoundingBoxBased_0-1_UVW.uasset" 171
"../../Plugins/Editor/SpeedTreeImporter/Content/SpeedTree9/SpeedTreeWind.uasset" 172
"../../Plugins/Editor/SpeedTreeImporter/Content/SpeedTree9/SpeedTreeBillboard.uasset" 173
"../../../Engine/Content/EngineResources/DefaultTexture.uasset" 174
"../../Plugins/Editor/SpeedTreeImporter/Content/SpeedTree9/SpeedTreeBillboardMaster.uasset" 175
"../../Plugins/Editor/SpeedTreeImporter/Content/SpeedTree9/SpeedTreeCameraFacing.uasset" 176
"../../Plugins/Editor/SpeedTreeImporter/Content/SpeedTree9/SpeedTreeMaster.uasset" 177
"../../../Engine/Content/Functions/Engine_MaterialFunctions02/Utility/BreakOutFloat4Components.uasset" 178
"../../../Engine/Content/Functions/Engine_MaterialFunctions02/Utility/MakeFloat3.uasset" 179
"../../Plugins/Runtime/Oculus/OculusVR/Content/Materials/OculusMR_ChromaKey.uasset" 180
"../../Plugins/Runtime/Oculus/OculusVR/Content/Materials/OculusMR_OpaqueColoredMaterial.uasset" 181
"../../Plugins/Runtime/Oculus/OculusVR/Content/Materials/PokeAHoleMaterial.uasset" 182
"../../Plugins/Experimental/Water/Content/Waves/GerstnerWaves_Ocean.uasset" 183
"../../../Engine/Content/EngineMaterials/DefaultPhysicalMaterial.uasset" 184
"../../../Engine/Content/EditorMeshes/EditorCube.uasset" 185
"../../../Engine/Content/BasicShapes/Sphere.uasset" 186
"../../Plugins/Experimental/Water/Content/Textures/Foam/T_WaterFlow_01_Foam_Tiled_N.uasset" 187
"../../Plugins/Experimental/Water/Content/Textures/Foam/T_WaterFlow_01_Foam_Tiled.uasset" 188
"../../Plugins/Experimental/Water/Content/FluidSimulation/WaveFoam/FoamRT.uasset" 189
"../../Plugins/Experimental/Water/Content/FluidSimulation/WaveFoam/WaterDistanceField.uasset" 190
"../../Plugins/Experimental/Water/Content/Textures/Normals/T_Water_TilingNormal_With_Height_02_Softened.uasset" 191
"../../Plugins/Experimental/Water/Content/Materials/MPC/MPC_Water.uasset" 192
"../../../Engine/Content/EngineResources/Black.uasset" 193
"../../Plugins/Experimental/Water/Content/Materials/Functions/HighQualityTextureFiltering.uasset" 194
"../../../Engine/Content/Functions/Engine_MaterialFunctions02/PivotPainter2/Black_1x1_EXR_Texture.uasset" 195
"../../Plugins/Experimental/Water/Content/Materials/Functions/WaterBodyData.uasset" 196
"../../../Engine/Content/Functions/Engine_MaterialFunctions03/Procedurals/NormalFromHeightmap.uasset" 197
"../../../Engine/Content/Functions/Engine_MaterialFunctions01/Gradient/LinearGradient.uasset" 198
"../../../Engine/Content/Functions/Engine_MaterialFunctions01/ImageAdjustment/CheapContrast.uasset" 199
"../../../Engine/Content/Functions/Engine_MaterialFunctions02/Texturing/HeightLerp.uasset" 200
"../../../Engine/Content/Functions/Engine_MaterialFunctions02/Utility/VectorLength.uasset" 201
"../../../Engine/Content/Functions/Engine_MaterialFunctions01/Gradient/BoxMask-2D.uasset" 202
"../../../Engine/Content/EngineSky/VolumetricClouds/T_NoiseShape.uasset" 203
"../../../Engine/Content/EngineSky/VolumetricClouds/T_VolumeNoiseShape128.uasset" 204
"../../Plugins/Experimental/Water/Content/Materials/Layers/BeachFoam.uasset" 205
"../../Plugins/Experimental/Water/Content/Materials/Functions/WaveVelocityMask.uasset" 206
"../../../Engine/Content/Functions/Engine_MaterialFunctions01/Texturing/FlattenNormal.uasset" 207
"../../../Engine/Content/Functions/Engine_MaterialFunctions02/ExampleContent/Textures/water_n.uasset" 208
"../../../Engine/Content/Functions/Engine_MaterialFunctions02/ExampleContent/Textures/water_d.uasset" 209
"../../../Engine/Content/Functions/Engine_MaterialFunctions02/ExampleContent/Textures/LowResBlurredNoise.uasset" 210
"../../../Engine/Content/Functions/Engine_MaterialFunctions02/Math/AddComponents.uasset" 211
"../../../Engine/Content/Functions/Engine_MaterialFunctions02/Math/MakeVectorsOrthogonal.uasset" 212
"../../../Engine/Content/EngineMaterials/DefaultNormal.uasset" 213
"../../../Engine/Content/Functions/Engine_MaterialFunctions02/Utility/LinearSine.uasset" 214
"../../../Engine/Content/Functions/Engine_MaterialFunctions01/Texturing/ComputeMipLevel.uasset" 215
"../../../Engine/Content/Functions/Engine_MaterialFunctions02/Math/TimeWithSpeedVariable.uasset" 216
"../../../Engine/Content/Functions/Engine_MaterialFunctions02/Math/Transform3x3Matrix.uasset" 217
"../../../Engine/Content/Functions/Engine_MaterialFunctions02/Utility/BlendAngleCorrectedNormals.uasset" 218
"../../../Engine/Content/Functions/Engine_MaterialFunctions02/Texturing/Flowmaps.uasset" 219
"../../../Engine/Content/Functions/Engine_MaterialFunctions01/Coordinates/WorldPosition-XY.uasset" 220
"../../Plugins/Experimental/Water/Content/Materials/Functions/WaterRiverFlowmaps.uasset" 221
"../../Plugins/Experimental/Water/Content/Materials/Functions/WaterOpacityMaskFromDepth.uasset" 222
"../../Plugins/Experimental/Water/Content/Materials/Functions/WaterHeightMappingVS.uasset" 223
"../../Plugins/Experimental/Water/Content/Materials/Functions/WaterCoefficientMask.uasset" 224
"../../Plugins/Experimental/Water/Content/FluidSimulation/Materials/Functions/Fluidsim_WorldPosition_to_UV.uasset" 225
"../../../Engine/Content/Functions/Engine_MaterialFunctions01/Opacity/AlphaOffset.uasset" 226
"../../Plugins/Experimental/Water/Content/Materials/Functions/SampleFluidSimulation.uasset" 227
"../../Plugins/Experimental/Water/Content/Materials/Functions/ComputeWavesAttenuationFactor.uasset" 228
"../../Plugins/Experimental/Water/Content/Materials/Functions/WaveDepthFalloff_Overrides.uasset" 229
"../../Plugins/Experimental/Water/Content/Materials/Layers/WaterAttributes.uasset" 230
"../../Plugins/Experimental/Water/Content/Materials/Functions/WaterTextureWaves.uasset" 231
"../../Plugins/Experimental/Water/Content/Materials/Functions/WaterTextureSurface.uasset" 232
"../../Plugins/Experimental/Water/Content/Materials/Functions/Water_Underside.uasset" 233
"../../Plugins/Experimental/Water/Content/Materials/Functions/SetWaveAttributes.uasset" 234
"../../Plugins/Experimental/Water/Content/Materials/Functions/WorldPositionBehindWater.uasset" 235
"../../Plugins/Experimental/Water/Content/Materials/Functions/WorldNormalBehindWater.uasset" 236
"../../Plugins/Experimental/Water/Content/Materials/Functions/GetWaterTime.uasset" 237
"../../Plugins/Experimental/Water/Content/Materials/Functions/ComputeGerstnerWaves.uasset" 238
"../../Plugins/Experimental/Water/Content/Caustics/Materials/Functions/GetDistortionUV.uasset" 239
"../../Plugins/Experimental/Water/Content/Caustics/Materials/Functions/WaterCaustics_GerstnerWaves.uasset" 240
"../../Plugins/Experimental/Landmass/Content/Landscape/BlueprintBrushes/MPC/MPC_Landscape.uasset" 241
"../../Plugins/Experimental/Water/Content/Materials/WaterSurface/Water_Material.uasset" 242
"../../Plugins/Experimental/Water/Content/Materials/WaterSurface/Water_Material_Inst.uasset" 243
"../../Plugins/Experimental/Water/Content/Materials/WaterSurface/Water_Material_Ocean.uasset" 244
"../../../Engine/Content/Functions/Engine_MaterialFunctions02/ExampleContent/Textures/DebugNumberPeriod.uasset" 245
"../../../Engine/Content/Functions/Engine_MaterialFunctions02/ExampleContent/DebugNumberStrip.uasset" 246
"../../../Engine/Content/Functions/Engine_MaterialFunctions01/Volumetrics/SchlickPhase.uasset" 247
"../../../Engine/Content/Functions/Engine_MaterialFunctions01/Texturing/ScaleUVsByCenter.uasset" 248
"../../../Engine/Content/Functions/Engine_MaterialFunctions01/Texturing/TextureCropping.uasset" 249
"../../../Engine/Content/Functions/Engine_MaterialFunctions02/Utility/DebugScalarValues.uasset" 250
"../../../Engine/Content/Functions/Engine_MaterialFunctions02/ScreenResolution.uasset" 251
"../../../Engine/Content/Functions/Engine_MaterialFunctions02/Texturing/ScreenAlignedUVs.uasset" 252
"../../Plugins/Experimental/Water/Content/Materials/PostProcessing/M_UnderWater_PostProcess_Volume.uasset" 253
"../../Plugins/Experimental/Landmass/Content/Landscape/Mats/MF/SmoothIntersections.uasset" 254
"../../../Engine/Content/Functions/Engine_MaterialFunctions02/WorldPositionOffset/GenerateASpline.uasset" 255
"../../../Engine/Content/MapTemplates/TilingNoise05.uasset" 256
"../../Plugins/Experimental/Landmass/Content/Landscape/Mats/MF/CatmullRomTexture.uasset" 257
"../../Plugins/Experimental/Landmass/Content/Landscape/Mats/MF/SmoothTerracing.uasset" 258
"../../../Engine/Content/Functions/Engine_MaterialFunctions01/Math/SmoothCeil.uasset" 259
"../../Plugins/Experimental/Landmass/Content/Landscape/Mats/MF/BrushTerracing.uasset" 260
"../../../Engine/Content/Functions/Engine_MaterialFunctions01/ImageAdjustment/SCurve.uasset" 261
"../../Plugins/Experimental/Landmass/Content/Landscape/Mats/MF/BrushDisplaceMask.uasset" 262
"../../Plugins/Experimental/Landmass/Content/Landscape/Mats/MF/BrushBlendModes.uasset" 263
"../../../Engine/Content/EngineResources/Black_Low.uasset" 264
"../../Plugins/Experimental/Landmass/Content/Landscape/Mats/MF/BrushAlphaMask.uasset" 265
"../../Plugins/Experimental/Landmass/Content/Landscape/Mats/MF/UnpackRG8Height.uasset" 266
"../../Plugins/Experimental/Landmass/Content/Landscape/BlueprintBrushes/MF/PointSampleLandscapeUVs.uasset" 267
"../../Plugins/Experimental/Landmass/Content/Landscape/BlueprintBrushes/MF/ReadCachedDistanceField.uasset" 268
"../../Plugins/Experimental/Landmass/Content/Landscape/BlueprintBrushes/MF/PackRG8Height.uasset" 269
"../../Plugins/Experimental/Water/Content/Materials/Brushes/MeshBrush_Width.uasset" 270
"../../Plugins/Experimental/Water/Content/Materials/Brushes/MeshBrush_Weightmap.uasset" 271
"../../Plugins/Experimental/Landmass/Content/Landscape/BlueprintBrushes/MF/BrushBlendModes.uasset" 272
"../../Plugins/Experimental/Landmass/Content/Landscape/Curves/DynamicCurve_RT.uasset" 273
"../../Plugins/Experimental/Water/Content/Materials/Brushes/MeshBrush_Island.uasset" 274
"../../Plugins/Experimental/Landmass/Content/Landscape/BlueprintBrushes/MF/SmoothIntersections.uasset" 275
"../../Plugins/Experimental/Landmass/Content/Landscape/BlueprintBrushes/MF/BrushTerracing.uasset" 276
"../../Plugins/Experimental/Landmass/Content/Landscape/BlueprintBrushes/MF/BrushDisplaceMask.uasset" 277
"../../Plugins/Experimental/Landmass/Content/Landscape/BlueprintBrushes/MF/BrushAlphaMask.uasset" 278
"../../Plugins/Experimental/Water/Content/Materials/Brushes/MeshBrush_Angle.uasset" 279
"../../Plugins/Experimental/Landmass/Content/Landscape/BlueprintBrushes/MF/UnpackRG8Height.uasset" 280
"../../Plugins/Experimental/Water/Content/Materials/Brushes/FinalizeWaterTexture.uasset" 281
"../../Plugins/Experimental/Landmass/Content/Landscape/BlueprintBrushes/MF/LocalizeLandscapeZValue.uasset" 282
"../../Plugins/Experimental/Water/Content/Materials/Brushes/CompositeWaterBodyTexture.uasset" 283
"../../../Engine/Content/Functions/Engine_MaterialFunctions02/TangentBasis.uasset" 284
"../../Plugins/Experimental/Landmass/Content/Landscape/BlueprintBrushes/Materials/RenderSplineDepths.uasset" 285
"../../Plugins/Experimental/Landmass/Content/Landscape/Mats/MPC/MPC_Erosion.uasset" 286
"../../Plugins/Experimental/Landmass/Content/Landscape/BlueprintBrushes/MF/SampleDistanceField.uasset" 287
"../../Plugins/Experimental/Landmass/Content/Landscape/BlueprintBrushes/Materials/CacheDistanceField.uasset" 288
"../../Plugins/Experimental/Landmass/Content/DistanceFields/Materials/JumpFloodStep.uasset" 289
"../../Plugins/Experimental/Landmass/Content/Landscape/Textures/LS_Debug_RT_01.uasset" 290
"../../Plugins/Experimental/Landmass/Content/DistanceFields/Materials/DetectEdges.uasset" 291
"../../Plugins/Experimental/Landmass/Content/DistanceFields/Materials/BlurEdges.uasset" 292
"../../../Engine/Content/Functions/Engine_MaterialFunctions02/SplitComponents.uasset" 293
"../../../Engine/Content/EngineSky/M_SkyTimeOfDay.uasset" 294
"../../Plugins/Experimental/Water/Content/Curves/FloatCurve.uasset" 295
"../../Plugins/Experimental/Water/Content/Materials/Brushes/CanvasDrawing.uasset" 296
"../../../../../../Users/P2538145/OneDrive - De Montfort University/ProjectPlanet/ProjectPlanet/Content/StarterContent/Textures/T_Rock_Sandstone_N.uasset" 297
"../../../../../../Users/P2538145/OneDrive - De Montfort University/ProjectPlanet/ProjectPlanet/Content/StarterContent/Textures/T_Rock_Sandstone_D.uasset" 298
"../../../Engine/Content/VREditor/Sounds/UI/Dockable_Window_Open.uasset" 299
"../../../../../../Users/P2538145/OneDrive - De Montfort University/ProjectPlanet/ProjectPlanet/Content/StarterContent/Textures/T_Metal_Gold_D.uasset" 300
"../../../../../../Users/P2538145/OneDrive - De Montfort University/ProjectPlanet/ProjectPlanet/Content/StarterContent/Textures/T_Metal_Gold_N.uasset" 301
"../../../../../../Users/P2538145/OneDrive - De Montfort University/ProjectPlanet/ProjectPlanet/Content/StarterContent/Textures/T_MacroVariation.uasset" 302
"../../../../../../Users/P2538145/OneDrive - De Montfort University/ProjectPlanet/ProjectPlanet/Content/StarterContent/Materials/M_Metal_Gold.uasset" 303
"../../../../../../Users/P2538145/OneDrive - De Montfort University/ProjectPlanet/ProjectPlanet/Content/StarterContent/Textures/T_Smoke_Tiled_D.uasset" 304
"../../../../../../Users/P2538145/OneDrive - De Montfort University/ProjectPlanet/ProjectPlanet/Content/StarterContent/Textures/T_Smoke_SubUV.uasset" 305
"../../../../../../Users/P2538145/OneDrive - De Montfort University/ProjectPlanet/ProjectPlanet/Content/StarterContent/Particles/Materials/M_smoke_subUV.uasset" 306
"../../../../../../Users/P2538145/OneDrive - De Montfort University/ProjectPlanet/ProjectPlanet/Content/StarterContent/Particles/P_Steam_Lit.uasset" 307
"../../../../../../Users/P2538145/OneDrive - De Montfort University/ProjectPlanet/ProjectPlanet/Content/MayaImport/wood1.uasset" 308
"../../../../../../Users/P2538145/OneDrive - De Montfort University/ProjectPlanet/ProjectPlanet/Content/MayaImport/stone.uasset" 309
"../../../../../../Users/P2538145/OneDrive - De Montfort University/ProjectPlanet/ProjectPlanet/Content/MayaImport/ChestImp_lid.uasset" 310
"../../../../../../Users/P2538145/OneDrive - De Montfort University/ProjectPlanet/ProjectPlanet/Content/MayaImport/ChestImp_chest.uasset" 311
"../../../Engine/Content/EditorBlueprintResources/StandardMacros.uasset" 312
"../../../../../../Users/P2538145/OneDrive - De Montfort University/ProjectPlanet/ProjectPlanet/Content/Import/wood.uasset" 313
"../../../../../../Users/P2538145/OneDrive - De Montfort University/ProjectPlanet/ProjectPlanet/Content/Import/boatplayer.uasset" 314
"../../../Engine/Content/EngineSounds/Master.uasset" 315
"../../../../../../Users/P2538145/OneDrive - De Montfort University/ProjectPlanet/ProjectPlanet/Content/HUD_UI/MasterSoundMixClass.uasset" 316
"../../../../../../Users/P2538145/OneDrive - De Montfort University/ProjectPlanet/ProjectPlanet/Content/Sprites/wood-planks-png.uasset" 317
"../../../../../../Users/P2538145/OneDrive - De Montfort University/ProjectPlanet/ProjectPlanet/Content/Fonts/questra_extra_st.uasset" 318
"../../../../../../Users/P2538145/OneDrive - De Montfort University/ProjectPlanet/ProjectPlanet/Content/Fonts/questra_extra_st_Font.uasset" 319
"../../../../../../Users/P2538145/OneDrive - De Montfort University/ProjectPlanet/ProjectPlanet/Content/HUD_UI/PauseMenu.uasset" 320
"../../../../../../Users/P2538145/OneDrive - De Montfort University/ProjectPlanet/ProjectPlanet/Content/Audio/Alexander_Nakarada_-_Pirates_Of_The_Quarantine__1_.uasset" 321
"../../../../../../Users/P2538145/OneDrive - De Montfort University/ProjectPlanet/ProjectPlanet/Content/HUD_UI/GameWon.uasset" 322
"../../../../../../Users/P2538145/OneDrive - De Montfort University/ProjectPlanet/ProjectPlanet/Content/HUD_UI/GameOver.uasset" 323
"../../../Engine/Content/Functions/Engine_MaterialFunctions01/Gradient/RadialGradient.uasset" 324
"../../../../../../Users/P2538145/OneDrive - De Montfort University/ProjectPlanet/ProjectPlanet/Content/StarterContent/Particles/Materials/M_radial_ramp.uasset" 325
"../../../../../../Users/P2538145/OneDrive - De Montfort University/ProjectPlanet/ProjectPlanet/Content/StarterContent/Particles/Materials/m_flare_01.uasset" 326
"../../../../../../Users/P2538145/OneDrive - De Montfort University/ProjectPlanet/ProjectPlanet/Content/StarterContent/Textures/T_Explosion_SubUV.uasset" 327
"../../../../../../Users/P2538145/OneDrive - De Montfort University/ProjectPlanet/ProjectPlanet/Content/StarterContent/Particles/Materials/M_explosion_subUV.uasset" 328
"../../../../../../Users/P2538145/OneDrive - De Montfort University/ProjectPlanet/ProjectPlanet/Content/StarterContent/Textures/T_Burst_M.uasset" 329
"../../../../../../Users/P2538145/OneDrive - De Montfort University/ProjectPlanet/ProjectPlanet/Content/StarterContent/Particles/Materials/M_Burst.uasset" 330
"../../../../../../Users/P2538145/OneDrive - De Montfort University/ProjectPlanet/ProjectPlanet/Content/StarterContent/Particles/P_Explosion.uasset" 331
"../../../../../../Users/P2538145/OneDrive - De Montfort University/ProjectPlanet/ProjectPlanet/Content/StarterContent/Audio/Explosion02.uasset" 332
"../../../../../../Users/P2538145/OneDrive - De Montfort University/ProjectPlanet/ProjectPlanet/Content/Import/Boat.uasset" 333
"../../../../../../Users/P2538145/OneDrive - De Montfort University/ProjectPlanet/ProjectPlanet/Content/ThirdPersonBP/Blueprints/ChestPickUp.uasset" 334
"../../../../../../Users/P2538145/OneDrive - De Montfort University/ProjectPlanet/ProjectPlanet/Content/ThirdPersonBP/Blueprints/ChestSpawn.uasset" 335
"../../../../../../Users/P2538145/OneDrive - De Montfort University/ProjectPlanet/ProjectPlanet/Content/StarterContent/Textures/T_Concrete_Tiles_Variation_M.uasset" 336
"../../../../../../Users/P2538145/OneDrive - De Montfort University/ProjectPlanet/ProjectPlanet/Content/StarterContent/Textures/T_Concrete_Tiles_N.uasset" 337
"../../../../../../Users/P2538145/OneDrive - De Montfort University/ProjectPlanet/ProjectPlanet/Content/StarterContent/Textures/T_Concrete_Tiles_M.uasset" 338
"../../../../../../Users/P2538145/OneDrive - De Montfort University/ProjectPlanet/ProjectPlanet/Content/StarterContent/Textures/T_Concrete_Tiles_D.uasset" 339
"../../../../../../Users/P2538145/OneDrive - De Montfort University/ProjectPlanet/ProjectPlanet/Content/StarterContent/Materials/M_Concrete_Tiles.uasset" 340
"../../../Engine/Content/EditorMeshes/EditorSphere.uasset" 341
"../../../../../../Users/P2538145/OneDrive - De Montfort University/ProjectPlanet/ProjectPlanet/Content/ThirdPersonBP/Blueprints/Explossive_Item.uasset" 342
"../../../../../../Users/P2538145/OneDrive - De Montfort University/ProjectPlanet/ProjectPlanet/Content/ThirdPersonBP/Blueprints/BombSpawn.uasset" 343
"../../../../../../Users/P2538145/OneDrive - De Montfort University/ProjectPlanet/ProjectPlanet/Content/StarterContent/Textures/T_Perlin_Noise_M.uasset" 344
"../../../../../../Users/P2538145/OneDrive - De Montfort University/ProjectPlanet/ProjectPlanet/Content/StarterContent/Materials/M_Rock_Sandstone.uasset" 345
"../../../../../../Users/P2538145/OneDrive - De Montfort University/ProjectPlanet/ProjectPlanet/Content/StarterContent/Textures/T_Detail_Rocky_N.uasset" 346
"../../../../../../Users/P2538145/OneDrive - De Montfort University/ProjectPlanet/ProjectPlanet/Content/StarterContent/Textures/T_Brick_Clay_New_N.uasset" 347
"../../../../../../Users/P2538145/OneDrive - De Montfort University/ProjectPlanet/ProjectPlanet/Content/StarterContent/Textures/T_Brick_Clay_New_M.uasset" 348
"../../../../../../Users/P2538145/OneDrive - De Montfort University/ProjectPlanet/ProjectPlanet/Content/StarterContent/Textures/T_Brick_Clay_New_D.uasset" 349
"../../../../../../Users/P2538145/OneDrive - De Montfort University/ProjectPlanet/ProjectPlanet/Content/StarterContent/Materials/M_Brick_Clay_New.uasset" 350
"../../../../../../Users/P2538145/OneDrive - De Montfort University/ProjectPlanet/ProjectPlanet/Content/StarterContent/Audio/510900__lydmakeren__boat-waves.uasset" 351
"../../../../../../Users/P2538145/OneDrive - De Montfort University/ProjectPlanet/ProjectPlanet/Content/Import/leaves.uasset" 352
"../../../../../../Users/P2538145/OneDrive - De Montfort University/ProjectPlanet/ProjectPlanet/Content/Import/plant_plant.uasset" 353
"../../../../../../Users/P2538145/OneDrive - De Montfort University/ProjectPlanet/ProjectPlanet/Content/Import/palm_short_Group_23.uasset" 354
"../../../../../../Users/P2538145/OneDrive - De Montfort University/ProjectPlanet/ProjectPlanet/Content/Import/palm_long_Group_30.uasset" 355
"../../../../../../Users/P2538145/OneDrive - De Montfort University/ProjectPlanet/ProjectPlanet/Content/Import/palm_long_Group_28.uasset" 356
"../../../../../../Users/P2538145/OneDrive - De Montfort University/ProjectPlanet/ProjectPlanet/Content/Import/palm_detailed_long_Group_154.uasset" 357
"../../../../../../Users/P2538145/OneDrive - De Montfort University/ProjectPlanet/ProjectPlanet/Content/Import/palm_detailed_long_Group_152.uasset" 358
"../../../../../../Users/P2538145/OneDrive - De Montfort University/ProjectPlanet/ProjectPlanet/Content/Import/sand.uasset" 359
"../../../../../../Users/P2538145/OneDrive - De Montfort University/ProjectPlanet/ProjectPlanet/Content/Import/formation_rock_formation_rock.uasset" 360
"../../../../../../Users/P2538145/OneDrive - De Montfort University/ProjectPlanet/ProjectPlanet/Content/Import/textile.uasset" 361
"../../../../../../Users/P2538145/OneDrive - De Montfort University/ProjectPlanet/ProjectPlanet/Content/Import/bottle.uasset" 362
"../../../../../../Users/P2538145/OneDrive - De Montfort University/ProjectPlanet/ProjectPlanet/Content/Import/palm_short_Group_25.uasset" 363
"../../../../../../Users/P2538145/OneDrive - De Montfort University/ProjectPlanet/ProjectPlanet/Content/Import/_defaultMat.uasset" 364
"../../../../../../Users/P2538145/OneDrive - De Montfort University/ProjectPlanet/ProjectPlanet/Content/Import/stone.uasset" 365
"../../../../../../Users/P2538145/OneDrive - De Montfort University/ProjectPlanet/ProjectPlanet/Content/Import/iron.uasset" 366
"../../../../../../Users/P2538145/OneDrive - De Montfort University/ProjectPlanet/ProjectPlanet/Content/Import/woodDark.uasset" 367
"../../../../../../Users/P2538145/OneDrive - De Montfort University/ProjectPlanet/ProjectPlanet/Content/Import/tower_tower.uasset" 368
"../../../../../../Users/P2538145/OneDrive - De Montfort University/ProjectPlanet/ProjectPlanet/Content/Sprites/WASD.uasset" 369
"../../../../../../Users/P2538145/OneDrive - De Montfort University/ProjectPlanet/ProjectPlanet/Content/Sprites/chest.uasset" 370
"../../../Engine/Content/EngineFonts/Faces/DroidSansMono.uasset" 371
"../../../Engine/Content/EngineFonts/DroidSansMono.uasset" 372
"../../../../../../Users/P2538145/OneDrive - De Montfort University/ProjectPlanet/ProjectPlanet/Content/HUD_UI/UI_Level1.uasset" 373
"../../../../../../Users/P2538145/OneDrive - De Montfort University/ProjectPlanet/ProjectPlanet/Content/MayaImport/wood.uasset" 374
"../../../../../../Users/P2538145/OneDrive - De Montfort University/ProjectPlanet/ProjectPlanet/Content/MayaImport/iron.uasset" 375
"../../../../../../Users/P2538145/OneDrive - De Montfort University/ProjectPlanet/ProjectPlanet/Content/MayaImport/cannonBarellOnly_cannonLarge.uasset" 376
"../../../../../../Users/P2538145/OneDrive - De Montfort University/ProjectPlanet/ProjectPlanet/Content/StarterContent/Props/MaterialSphere.uasset" 377
"../../../../../../Users/P2538145/OneDrive - De Montfort University/ProjectPlanet/ProjectPlanet/Content/StarterContent/Textures/T_Rock_Basalt_D.uasset" 378
"../../../../../../Users/P2538145/OneDrive - De Montfort University/ProjectPlanet/ProjectPlanet/Content/StarterContent/Textures/T_RockMesh_N.uasset" 379
"../../../../../../Users/P2538145/OneDrive - De Montfort University/ProjectPlanet/ProjectPlanet/Content/StarterContent/Textures/T_RockMesh_M.uasset" 380
"../../../../../../Users/P2538145/OneDrive - De Montfort University/ProjectPlanet/ProjectPlanet/Content/StarterContent/Props/Materials/M_Rock.uasset" 381
"../../../../../../Users/P2538145/OneDrive - De Montfort University/ProjectPlanet/ProjectPlanet/Content/Bullet/Bullet.uasset" 382
"../../../../../../Users/P2538145/OneDrive - De Montfort University/ProjectPlanet/ProjectPlanet/Content/Bullet/Turret.uasset" 383
"../../../../../../Users/P2538145/OneDrive - De Montfort University/ProjectPlanet/ProjectPlanet/Content/Audio/Darren_Curtis_-_A_Robust_Crew.uasset" 384
"../../../../../../Users/P2538145/OneDrive - De Montfort University/ProjectPlanet/ProjectPlanet/Content/ThirdPersonBP/Maps/Level1.umap" 385
"../../../../../../Users/P2538145/OneDrive - De Montfort University/ProjectPlanet/ProjectPlanet/Content/ThirdPersonBP/Maps/Level2.umap" 386
"../../../Engine/Content/BasicShapes/Cube.uasset" 387
"../../../../../../Users/P2538145/OneDrive - De Montfort University/ProjectPlanet/ProjectPlanet/Content/ThirdPersonBP/Maps/MainMenu/MainMenu_BuiltData.uasset" 388
"../../../../../../Users/P2538145/OneDrive - De Montfort University/ProjectPlanet/ProjectPlanet/Content/ThirdPersonBP/Maps/MainMenu/MainMenuGameMode.uasset" 389
"../../../../../../Users/P2538145/OneDrive - De Montfort University/ProjectPlanet/ProjectPlanet/Content/StarterContent/Particles/Materials/M_Radial_Gradient.uasset" 390
"../../../../../../Users/P2538145/OneDrive - De Montfort University/ProjectPlanet/ProjectPlanet/Content/StarterContent/Textures/T_Water_N.uasset" 391
"../../../../../../Users/P2538145/OneDrive - De Montfort University/ProjectPlanet/ProjectPlanet/Content/StarterContent/Particles/Materials/M_Heat_Distortion.uasset" 392
"../../../../../../Users/P2538145/OneDrive - De Montfort University/ProjectPlanet/ProjectPlanet/Content/StarterContent/Textures/T_Fire_Tiled_D.uasset" 393
"../../../../../../Users/P2538145/OneDrive - De Montfort University/ProjectPlanet/ProjectPlanet/Content/StarterContent/Textures/T_Fire_SubUV.uasset" 394
"../../../../../../Users/P2538145/OneDrive - De Montfort University/ProjectPlanet/ProjectPlanet/Content/StarterContent/Particles/Materials/M_Fire_SubUV.uasset" 395
"../../../../../../Users/P2538145/OneDrive - De Montfort University/ProjectPlanet/ProjectPlanet/Content/StarterContent/Particles/P_Fire.uasset" 396
"../../../../../../Users/P2538145/OneDrive - De Montfort University/ProjectPlanet/ProjectPlanet/Content/ThirdPersonBP/Maps/MainMenu/Fire.uasset" 397
"../../../../../../Users/P2538145/OneDrive - De Montfort University/ProjectPlanet/ProjectPlanet/Content/HUD_UI/MainMenu.uasset" 398
"../../../../../../Users/P2538145/OneDrive - De Montfort University/ProjectPlanet/ProjectPlanet/Content/ThirdPersonBP/Maps/MainMenu/MainMenu.umap" 399
"../../../Engine/Content/Maps/Entry_BuiltData.uasset" 400
"../../../Engine/Content/Maps/Entry.umap" 401
